<?xml version="1.0" encoding="UTF-8"?>
<testng-results ignored="0" total="1" passed="1" failed="0" skipped="0">
  <reporter-output>
  </reporter-output>
  <suite started-at="2022-11-08T13:44:59 IST" name="Default suite" finished-at="2022-11-08T13:45:52 IST" duration-ms="52675">
    <groups>
    </groups>
    <test started-at="2022-11-08T13:44:59 IST" name="Default test" finished-at="2022-11-08T13:45:52 IST" duration-ms="52675">
      <class name="com.Blackthron.web.allScripts.class1">
        <test-method is-config="true" signature="beforeSuite(org.testng.ITestContext)[pri:0, instance:com.Blackthron.web.allScripts.class1@3a44431a]" started-at="2022-11-08T13:44:57 IST" name="beforeSuite" finished-at="2022-11-08T13:44:59 IST" duration-ms="1666" status="PASS">
          <params>
            <param index="0">
              <value>
                <![CDATA[org.testng.TestRunner@4fb56bea]]>
              </value>
            </param>
          </params>
          <reporter-output>
          </reporter-output>
        </test-method> <!-- beforeSuite -->
        <test-method is-config="true" signature="beforeTest(org.testng.ITestContext)[pri:0, instance:com.Blackthron.web.allScripts.class1@3a44431a]" started-at="2022-11-08T13:44:59 IST" name="beforeTest" finished-at="2022-11-08T13:44:59 IST" duration-ms="4" status="PASS">
          <params>
            <param index="0">
              <value>
                <![CDATA[org.testng.TestRunner@4fb56bea]]>
              </value>
            </param>
          </params>
          <reporter-output>
          </reporter-output>
        </test-method> <!-- beforeTest -->
        <test-method is-config="true" signature="beforeClass(org.testng.ITestContext)[pri:0, instance:com.Blackthron.web.allScripts.class1@3a44431a]" started-at="2022-11-08T13:44:59 IST" name="beforeClass" finished-at="2022-11-08T13:44:59 IST" duration-ms="10" status="PASS">
          <params>
            <param index="0">
              <value>
                <![CDATA[org.testng.TestRunner@4fb56bea]]>
              </value>
            </param>
          </params>
          <reporter-output>
          </reporter-output>
        </test-method> <!-- beforeClass -->
        <test-method is-config="true" signature="setup(java.lang.reflect.Method,org.testng.ITestResult)[pri:0, instance:com.Blackthron.web.allScripts.class1@3a44431a]" started-at="2022-11-08T13:44:59 IST" name="setup" finished-at="2022-11-08T13:44:59 IST" duration-ms="4" status="PASS">
          <params>
            <param index="0">
              <value>
                <![CDATA[public void com.Blackthron.web.allScripts.class1.Lauchbrowser() throws java.lang.Exception]]>
              </value>
            </param>
            <param index="1">
              <value>
                <![CDATA[[TestResult name={null} status=CREATED method=class1.Lauchbrowser()[pri:1, instance:com.Blackthron.web.allScripts.class1@3a44431a] output={null}]]]>
              </value>
            </param>
          </params>
          <reporter-output>
          </reporter-output>
        </test-method> <!-- setup -->
        <test-method signature="Lauchbrowser()[pri:1, instance:com.Blackthron.web.allScripts.class1@3a44431a]" started-at="2022-11-08T13:44:59 IST" name="Lauchbrowser" finished-at="2022-11-08T13:45:50 IST" duration-ms="51478" status="PASS">
          <reporter-output>
          </reporter-output>
        </test-method> <!-- Lauchbrowser -->
        <test-method is-config="true" signature="getResult(java.lang.reflect.Method,org.testng.ITestResult)[pri:0, instance:com.Blackthron.web.allScripts.class1@3a44431a]" started-at="2022-11-08T13:45:50 IST" name="getResult" finished-at="2022-11-08T13:45:51 IST" duration-ms="793" status="PASS">
          <params>
            <param index="0">
              <value>
                <![CDATA[public void com.Blackthron.web.allScripts.class1.Lauchbrowser() throws java.lang.Exception]]>
              </value>
            </param>
            <param index="1">
              <value>
                <![CDATA[[TestResult name=Lauchbrowser status=SUCCESS method=class1.Lauchbrowser()[pri:1, instance:com.Blackthron.web.allScripts.class1@3a44431a] output={null}]]]>
              </value>
            </param>
          </params>
          <reporter-output>
          </reporter-output>
        </test-method> <!-- getResult -->
        <test-method is-config="true" signature="afterClass()[pri:0, instance:com.Blackthron.web.allScripts.class1@3a44431a]" started-at="2022-11-08T13:45:51 IST" name="afterClass" finished-at="2022-11-08T13:45:51 IST" duration-ms="209" status="PASS">
          <reporter-output>
          </reporter-output>
        </test-method> <!-- afterClass -->
        <test-method is-config="true" signature="quitbrowser(org.testng.ITestContext)[pri:0, instance:com.Blackthron.web.allScripts.class1@3a44431a]" started-at="2022-11-08T13:45:51 IST" name="quitbrowser" finished-at="2022-11-08T13:45:52 IST" duration-ms="104" status="PASS">
          <params>
            <param index="0">
              <value>
                <![CDATA[org.testng.TestRunner@4fb56bea]]>
              </value>
            </param>
          </params>
          <reporter-output>
          </reporter-output>
        </test-method> <!-- quitbrowser -->
        <test-method is-config="true" signature="teardown()[pri:0, instance:com.Blackthron.web.allScripts.class1@3a44431a]" started-at="2022-11-08T13:45:52 IST" name="teardown" finished-at="2022-11-08T13:45:53 IST" duration-ms="1134" status="PASS">
          <reporter-output>
          </reporter-output>
        </test-method> <!-- teardown -->
      </class> <!-- com.Blackthron.web.allScripts.class1 -->
    </test> <!-- Default test -->
  </suite> <!-- Default suite -->
</testng-results>
